::1 - - [19/Dec/2025:13:50:26 +0000] "POST /api/payments/webhook HTTP/1.1" 401 39 "-" "PostmanRuntime/7.51.0"
::1 - - [19/Dec/2025:13:58:10 +0000] "POST /api/payments/webhook HTTP/1.1" 401 39 "-" "PostmanRuntime/7.51.0"
::1 - - [19/Dec/2025:14:01:53 +0000] "POST /api/payments/webhook HTTP/1.1" 401 39 "-" "PostmanRuntime/7.51.0"
::1 - - [19/Dec/2025:14:05:58 +0000] "POST /api/payments/webhook HTTP/1.1" 401 39 "-" "PostmanRuntime/7.51.0"
::1 - - [19/Dec/2025:14:07:33 +0000] "POST /api/payments/webhook HTTP/1.1" 500 69 "-" "PostmanRuntime/7.51.0"
::1 - - [19/Dec/2025:14:07:51 +0000] "GET /api/orders/my?page=1&limit=20 HTTP/1.1" 200 443 "-" "PostmanRuntime/7.51.0"
::1 - - [19/Dec/2025:14:08:02 +0000] "POST /api/payments/webhook HTTP/1.1" 200 114 "-" "PostmanRuntime/7.51.0"
::1 - - [19/Dec/2025:14:08:24 +0000] "GET /api/orders/my?page=1&limit=20 HTTP/1.1" 200 440 "-" "PostmanRuntime/7.51.0"
::1 - - [19/Dec/2025:14:12:40 +0000] "POST /api/payments/webhook HTTP/1.1" 200 114 "-" "PostmanRuntime/7.51.0"
::1 - - [19/Dec/2025:14:12:45 +0000] "POST /api/payments/webhook HTTP/1.1" 200 114 "-" "PostmanRuntime/7.51.0"
::1 - - [19/Dec/2025:14:12:52 +0000] "POST /api/payments/webhook HTTP/1.1" 200 114 "-" "PostmanRuntime/7.51.0"
::1 - - [19/Dec/2025:14:12:59 +0000] "POST /api/payments/webhook HTTP/1.1" 200 114 "-" "PostmanRuntime/7.51.0"
::1 - - [19/Dec/2025:14:13:02 +0000] "POST /api/payments/webhook HTTP/1.1" 200 114 "-" "PostmanRuntime/7.51.0"
::1 - - [19/Dec/2025:14:13:10 +0000] "GET /api/orders/my?page=1&limit=20 HTTP/1.1" 200 440 "-" "PostmanRuntime/7.51.0"
::1 - - [19/Dec/2025:14:13:21 +0000] "POST /api/payments/webhook HTTP/1.1" 200 114 "-" "PostmanRuntime/7.51.0"
::1 - - [19/Dec/2025:14:13:53 +0000] "POST /api/payments/webhook HTTP/1.1" 401 39 "-" "PostmanRuntime/7.51.0"
::1 - - [19/Dec/2025:14:14:12 +0000] "POST /api/payments/webhook HTTP/1.1" 401 39 "-" "PostmanRuntime/7.51.0"
::1 - - [19/Dec/2025:14:14:22 +0000] "POST /api/payments/webhook HTTP/1.1" 401 39 "-" "PostmanRuntime/7.51.0"
::1 - - [19/Dec/2025:14:14:28 +0000] "POST /api/payments/webhook HTTP/1.1" 401 39 "-" "PostmanRuntime/7.51.0"
::1 - - [19/Dec/2025:14:14:41 +0000] "POST /api/payments/webhook HTTP/1.1" 401 39 "-" "PostmanRuntime/7.51.0"
::1 - - [19/Dec/2025:14:16:21 +0000] "POST /api/payments/webhook HTTP/1.1" 401 39 "-" "PostmanRuntime/7.51.0"
::1 - - [19/Dec/2025:14:16:48 +0000] "POST /api/payments/webhook HTTP/1.1" 200 114 "-" "PostmanRuntime/7.51.0"
::1 - - [19/Dec/2025:14:17:22 +0000] "POST /api/payments/webhook HTTP/1.1" 200 114 "-" "PostmanRuntime/7.51.0"
::1 - - [19/Dec/2025:14:18:03 +0000] "POST /api/payments/webhook HTTP/1.1" 200 117 "-" "PostmanRuntime/7.51.0"
::1 - - [19/Dec/2025:14:18:34 +0000] "POST /api/payments/webhook HTTP/1.1" 200 114 "-" "PostmanRuntime/7.51.0"
::1 - - [23/Dec/2025:11:29:09 +0000] "POST /api/orders HTTP/1.1" 201 86 "-" "PostmanRuntime/7.51.0"
::1 - - [23/Dec/2025:11:29:15 +0000] "POST /api/orders HTTP/1.1" 201 86 "-" "PostmanRuntime/7.51.0"
::1 - - [23/Dec/2025:11:30:14 +0000] "POST /api/payments/intents HTTP/1.1" 409 45 "-" "PostmanRuntime/7.51.0"
::1 - - [23/Dec/2025:11:32:27 +0000] "POST /api/payments/webhook HTTP/1.1" 200 114 "-" "PostmanRuntime/7.51.0"
::1 - - [23/Dec/2025:11:39:25 +0000] "POST /api/auth/login HTTP/1.1" 200 352 "-" "PostmanRuntime/7.51.0"
::1 - - [23/Dec/2025:11:40:13 +0000] "GET /api/orders/my?page=1&limit=20 HTTP/1.1" 403 23 "-" "PostmanRuntime/7.51.0"
::1 - - [23/Dec/2025:11:40:19 +0000] "GET /api/orders/my?page=1&limit=20 HTTP/1.1" 200 440 "-" "PostmanRuntime/7.51.0"
::1 - - [23/Dec/2025:11:41:05 +0000] "GET /api/orders/4f05deb1-47cf-4174-8d6c-aa8cba8824b3 HTTP/1.1" 200 494 "-" "PostmanRuntime/7.51.0"
::1 - - [23/Dec/2025:11:41:25 +0000] "PATCH /api/vendor/orders/4f05deb1-47cf-4174-8d6c-aa8cba8824b3/items/dea054bb-8d3b-4963-be03-409e6181afa4/ship HTTP/1.1" 200 485 "-" "PostmanRuntime/7.51.0"
::1 - - [23/Dec/2025:11:41:36 +0000] "GET /api/orders/my?page=1&limit=20 HTTP/1.1" 200 443 "-" "PostmanRuntime/7.51.0"
::1 - - [23/Dec/2025:11:41:45 +0000] "GET /api/orders/4f05deb1-47cf-4174-8d6c-aa8cba8824b3 HTTP/1.1" 200 497 "-" "PostmanRuntime/7.51.0"
::1 - - [23/Dec/2025:11:57:55 +0000] "GET /api/orders/4f05deb1-47cf-4174-8d6c-aa8cba8824b3 HTTP/1.1" 200 497 "-" "PostmanRuntime/7.51.0"
::1 - - [23/Dec/2025:11:58:08 +0000] "GET /api/orders/my?page=1&limit=20 HTTP/1.1" 200 443 "-" "PostmanRuntime/7.51.0"
::1 - - [23/Dec/2025:11:59:02 +0000] "PATCH /api/orders/4f05deb1-47cf-4174-8d6c-aa8cba8824b3/cancel HTTP/1.1" 409 50 "-" "PostmanRuntime/7.51.0"
::1 - - [23/Dec/2025:11:59:22 +0000] "GET /api/products HTTP/1.1" 200 838 "-" "PostmanRuntime/7.51.0"
::1 - - [23/Dec/2025:11:59:50 +0000] "POST /api/cart/items HTTP/1.1" 201 474 "-" "PostmanRuntime/7.51.0"
::1 - - [23/Dec/2025:12:00:02 +0000] "GET /api/cart HTTP/1.1" 200 474 "-" "PostmanRuntime/7.51.0"
::1 - - [23/Dec/2025:12:00:11 +0000] "GET /api/orders/my?page=1&limit=20 HTTP/1.1" 200 443 "-" "PostmanRuntime/7.51.0"
::1 - - [23/Dec/2025:12:00:21 +0000] "POST /api/orders HTTP/1.1" 400 55 "-" "PostmanRuntime/7.51.0"
::1 - - [23/Dec/2025:12:01:07 +0000] "POST /api/orders HTTP/1.1" 201 86 "-" "PostmanRuntime/7.51.0"
::1 - - [23/Dec/2025:12:01:24 +0000] "GET /api/products HTTP/1.1" 200 838 "-" "PostmanRuntime/7.51.0"
::1 - - [23/Dec/2025:12:01:29 +0000] "GET /api/products?inStock=true HTTP/1.1" 200 838 "-" "PostmanRuntime/7.51.0"
::1 - - [23/Dec/2025:12:01:40 +0000] "GET /api/orders/my?page=1&limit=20 HTTP/1.1" 200 443 "-" "PostmanRuntime/7.51.0"
::1 - - [23/Dec/2025:12:01:53 +0000] "GET /api/orders/my?page=1&limit=20 HTTP/1.1" 200 443 "-" "PostmanRuntime/7.51.0"
::1 - - [23/Dec/2025:12:02:31 +0000] "POST /api/orders HTTP/1.1" 201 86 "-" "PostmanRuntime/7.51.0"
::1 - - [23/Dec/2025:12:02:35 +0000] "GET /api/orders/my?page=1&limit=20 HTTP/1.1" 200 443 "-" "PostmanRuntime/7.51.0"
::1 - - [23/Dec/2025:12:02:57 +0000] "GET /api/orders/my?page=1&limit=20 HTTP/1.1" 200 443 "-" "PostmanRuntime/7.51.0"
::1 - - [23/Dec/2025:12:03:03 +0000] "GET /api/orders/4f05deb1-47cf-4174-8d6c-aa8cba8824b3 HTTP/1.1" 200 497 "-" "PostmanRuntime/7.51.0"
::1 - - [23/Dec/2025:12:03:25 +0000] "POST /api/orders HTTP/1.1" 201 86 "-" "PostmanRuntime/7.51.0"
::1 - - [23/Dec/2025:12:03:32 +0000] "GET /api/orders/my?page=1&limit=20 HTTP/1.1" 200 639 "-" "PostmanRuntime/7.51.0"
::1 - - [23/Dec/2025:12:03:44 +0000] "GET /api/orders/df7e4ca7-d47c-4ece-8495-d955e1976438 HTTP/1.1" 200 497 "-" "PostmanRuntime/7.51.0"
::1 - - [23/Dec/2025:12:03:58 +0000] "GET /api/products?inStock=true HTTP/1.1" 200 838 "-" "PostmanRuntime/7.51.0"
::1 - - [23/Dec/2025:12:04:05 +0000] "PATCH /api/orders/df7e4ca7-d47c-4ece-8495-d955e1976438/cancel HTTP/1.1" 200 207 "-" "PostmanRuntime/7.51.0"
::1 - - [23/Dec/2025:12:04:11 +0000] "GET /api/orders/my?page=1&limit=20 HTTP/1.1" 200 641 "-" "PostmanRuntime/7.51.0"
::1 - - [23/Dec/2025:12:04:16 +0000] "GET /api/products?inStock=true HTTP/1.1" 200 838 "-" "PostmanRuntime/7.51.0"
::1 - - [23/Dec/2025:12:07:36 +0000] "POST /api/payments/webhook HTTP/1.1" 200 124 "-" "PostmanRuntime/7.51.0"
::1 - - [23/Dec/2025:12:08:25 +0000] "GET /api/products HTTP/1.1" 200 838 "-" "PostmanRuntime/7.51.0"
::1 - - [23/Dec/2025:12:08:57 +0000] "POST /api/cart/items HTTP/1.1" 201 399 "-" "PostmanRuntime/7.51.0"
::1 - - [23/Dec/2025:12:09:04 +0000] "GET /api/cart HTTP/1.1" 200 399 "-" "PostmanRuntime/7.51.0"
::1 - - [23/Dec/2025:12:09:18 +0000] "POST /api/orders HTTP/1.1" 201 86 "-" "PostmanRuntime/7.51.0"
::1 - - [23/Dec/2025:12:09:34 +0000] "POST /api/payments/webhook HTTP/1.1" 200 124 "-" "PostmanRuntime/7.51.0"
::1 - - [23/Dec/2025:12:09:50 +0000] "GET /api/orders/my?page=1&limit=20 HTTP/1.1" 200 641 "-" "PostmanRuntime/7.51.0"
::1 - - [23/Dec/2025:12:10:11 +0000] "POST /api/orders HTTP/1.1" 201 86 "-" "PostmanRuntime/7.51.0"
::1 - - [23/Dec/2025:12:10:24 +0000] "GET /api/orders/my?page=1&limit=20 HTTP/1.1" 200 837 "-" "PostmanRuntime/7.51.0"
::1 - - [23/Dec/2025:12:10:37 +0000] "POST /api/payments/webhook HTTP/1.1" 200 124 "-" "PostmanRuntime/7.51.0"
::1 - - [23/Dec/2025:12:10:40 +0000] "POST /api/payments/webhook HTTP/1.1" 200 124 "-" "PostmanRuntime/7.51.0"
::1 - - [23/Dec/2025:12:10:56 +0000] "POST /api/payments/webhook HTTP/1.1" 200 124 "-" "PostmanRuntime/7.51.0"
::1 - - [23/Dec/2025:12:11:17 +0000] "POST /api/payments/webhook HTTP/1.1" 200 117 "-" "PostmanRuntime/7.51.0"
::1 - - [23/Dec/2025:12:11:26 +0000] "POST /api/payments/webhook HTTP/1.1" 200 114 "-" "PostmanRuntime/7.51.0"
::1 - - [23/Dec/2025:12:11:37 +0000] "GET /api/orders/my?page=1&limit=20 HTTP/1.1" 200 834 "-" "PostmanRuntime/7.51.0"
::1 - - [23/Dec/2025:12:12:09 +0000] "PATCH /api/orders/a726d951-e84f-46b0-bb60-c7a891962af3/cancel HTTP/1.1" 409 50 "-" "PostmanRuntime/7.51.0"
::1 - - [23/Dec/2025:12:15:03 +0000] "GET /api/orders/my?page=1&limit=20 HTTP/1.1" 200 834 "-" "PostmanRuntime/7.51.0"
::1 - - [23/Dec/2025:12:15:14 +0000] "POST /api/payments/webhook HTTP/1.1" 401 39 "-" "PostmanRuntime/7.51.0"
::1 - - [23/Dec/2025:12:16:06 +0000] "POST /api/payments/webhook HTTP/1.1" 401 39 "-" "PostmanRuntime/7.51.0"
::1 - - [23/Dec/2025:12:16:27 +0000] "POST /api/payments/webhook HTTP/1.1" 401 39 "-" "PostmanRuntime/7.51.0"
::1 - - [23/Dec/2025:12:16:49 +0000] "POST /api/payments/webhook HTTP/1.1" 401 39 "-" "PostmanRuntime/7.51.0"
::1 - - [23/Dec/2025:12:17:00 +0000] "POST /api/payments/webhook HTTP/1.1" 401 39 "-" "PostmanRuntime/7.51.0"
::1 - - [23/Dec/2025:12:17:06 +0000] "POST /api/payments/webhook HTTP/1.1" 401 39 "-" "PostmanRuntime/7.51.0"
::1 - - [23/Dec/2025:12:17:29 +0000] "POST /api/payments/webhook HTTP/1.1" 401 39 "-" "PostmanRuntime/7.51.0"
::1 - - [23/Dec/2025:12:17:40 +0000] "POST /api/payments/webhook HTTP/1.1" 401 39 "-" "PostmanRuntime/7.51.0"
::1 - - [23/Dec/2025:12:17:57 +0000] "POST /api/payments/webhook HTTP/1.1" 401 39 "-" "PostmanRuntime/7.51.0"
::1 - - [23/Dec/2025:12:18:06 +0000] "POST /api/payments/webhook HTTP/1.1" 401 39 "-" "PostmanRuntime/7.51.0"
::1 - - [23/Dec/2025:12:18:25 +0000] "POST /api/payments/webhook HTTP/1.1" 401 39 "-" "PostmanRuntime/7.51.0"
::1 - - [23/Dec/2025:12:18:35 +0000] "POST /api/payments/webhook HTTP/1.1" 401 39 "-" "PostmanRuntime/7.51.0"
::1 - - [23/Dec/2025:12:18:57 +0000] "POST /api/payments/webhook HTTP/1.1" 401 39 "-" "PostmanRuntime/7.51.0"
::1 - - [23/Dec/2025:12:23:26 +0000] "POST /api/payments/webhook HTTP/1.1" 200 142 "-" "PostmanRuntime/7.51.0"
::1 - - [23/Dec/2025:12:23:35 +0000] "GET /api/orders/my?page=1&limit=20 HTTP/1.1" 200 838 "-" "PostmanRuntime/7.51.0"
::1 - - [23/Dec/2025:12:23:42 +0000] "PATCH /api/orders/a726d951-e84f-46b0-bb60-c7a891962af3/cancel HTTP/1.1" 409 50 "-" "PostmanRuntime/7.51.0"
::1 - - [23/Dec/2025:12:23:56 +0000] "PATCH /api/orders/a726d951-e84f-46b0-bb60-c7a891962af3/cancel HTTP/1.1" 409 50 "-" "PostmanRuntime/7.51.0"
::1 - - [23/Dec/2025:12:24:01 +0000] "GET /api/products?inStock=true HTTP/1.1" 200 838 "-" "PostmanRuntime/7.51.0"
::ffff:127.0.0.1 - - [27/Dec/2025:08:00:30 +0000] "POST /api/auth/register HTTP/1.1" 201 344 "-" "-"
::ffff:127.0.0.1 - - [27/Dec/2025:08:00:30 +0000] "POST /api/auth/register HTTP/1.1" 201 332 "-" "-"
::ffff:127.0.0.1 - - [27/Dec/2025:08:00:30 +0000] "POST /api/products HTTP/1.1" 201 330 "-" "-"
::ffff:127.0.0.1 - - [27/Dec/2025:08:00:30 +0000] "GET /api/products?q=Test HTTP/1.1" 200 370 "-" "-"
::ffff:127.0.0.1 - - [27/Dec/2025:08:00:30 +0000] "POST /api/cart/items HTTP/1.1" 201 375 "-" "-"
::ffff:127.0.0.1 - - [27/Dec/2025:08:00:30 +0000] "POST /api/orders HTTP/1.1" 500 58 "-" "-"
::ffff:127.0.0.1 - - [27/Dec/2025:08:00:30 +0000] "POST /api/payments/intents HTTP/1.1" 400 64 "-" "-"
::ffff:127.0.0.1 - - [27/Dec/2025:08:00:30 +0000] "POST /api/payments/webhook HTTP/1.1" 500 58 "-" "-"
::ffff:127.0.0.1 - - [27/Dec/2025:08:00:30 +0000] "GET /api/vendor/orders?includeItems=true HTTP/1.1" 500 53 "-" "-"
::ffff:127.0.0.1 - - [27/Dec/2025:08:00:31 +0000] "POST /api/payments/webhook HTTP/1.1" 500 58 "-" "-"
